Analysis & Synthesis report for nachopong
Fri Jul 01 07:28:29 2022
Quartus Prime Version 20.1.1 Build 720 11/11/2020 SJ Lite Edition


---------------------
; Table of Contents ;
---------------------
  1. Legal Notice
  2. Analysis & Synthesis Summary
  3. Analysis & Synthesis Settings
  4. Parallel Compilation
  5. Analysis & Synthesis Source Files Read
  6. Analysis & Synthesis Resource Usage Summary
  7. Analysis & Synthesis Resource Utilization by Entity
  8. Analysis & Synthesis RAM Summary
  9. Registers Removed During Synthesis
 10. General Register Statistics
 11. Inverted Register Statistics
 12. Registers Packed Into Inferred Megafunctions
 13. Multiplexer Restructuring Statistics (Restructuring Performed)
 14. Source assignments for buffer_ram_dp:DP_RAM|altsyncram:ram_rtl_0|altsyncram_5s71:auto_generated
 15. Parameter Settings for User Entity Instance: Top-level Entity: |test_VGA
 16. Parameter Settings for User Entity Instance: buffer_ram_dp:DP_RAM
 17. Parameter Settings for Inferred Entity Instance: buffer_ram_dp:DP_RAM|altsyncram:ram_rtl_0
 18. altsyncram Parameter Settings by Entity Instance
 19. Port Connectivity Checks: "VGA_Driver640x480:VGA640x480"
 20. Port Connectivity Checks: "buffer_ram_dp:DP_RAM"
 21. Post-Synthesis Netlist Statistics for Top Partition
 22. Elapsed Time Per Partition
 23. Analysis & Synthesis Messages



----------------
; Legal Notice ;
----------------
Copyright (C) 2020  Intel Corporation. All rights reserved.
Your use of Intel Corporation's design tools, logic functions 
and other software and tools, and any partner logic 
functions, and any output files from any of the foregoing 
(including device programming or simulation files), and any 
associated documentation or information are expressly subject 
to the terms and conditions of the Intel Program License 
Subscription Agreement, the Intel Quartus Prime License Agreement,
the Intel FPGA IP License Agreement, or other applicable license
agreement, including, without limitation, that your use is for
the sole purpose of programming logic devices manufactured by
Intel and sold by Intel or its authorized distributors.  Please
refer to the applicable agreement for further details, at
https://fpgasoftware.intel.com/eula.



+----------------------------------------------------------------------------------+
; Analysis & Synthesis Summary                                                     ;
+------------------------------------+---------------------------------------------+
; Analysis & Synthesis Status        ; Successful - Fri Jul 01 07:28:29 2022       ;
; Quartus Prime Version              ; 20.1.1 Build 720 11/11/2020 SJ Lite Edition ;
; Revision Name                      ; nachopong                                   ;
; Top-level Entity Name              ; test_VGA                                    ;
; Family                             ; Cyclone IV E                                ;
; Total logic elements               ; 546                                         ;
;     Total combinational functions  ; 546                                         ;
;     Dedicated logic registers      ; 100                                         ;
; Total registers                    ; 100                                         ;
; Total pins                         ; 13                                          ;
; Total virtual pins                 ; 0                                           ;
; Total memory bits                  ; 12                                          ;
; Embedded Multiplier 9-bit elements ; 0                                           ;
; Total PLLs                         ; 0                                           ;
+------------------------------------+---------------------------------------------+


+------------------------------------------------------------------------------------------------------------+
; Analysis & Synthesis Settings                                                                              ;
+------------------------------------------------------------------+--------------------+--------------------+
; Option                                                           ; Setting            ; Default Value      ;
+------------------------------------------------------------------+--------------------+--------------------+
; Device                                                           ; EP4CE10E22C8       ;                    ;
; Top-level entity name                                            ; test_VGA           ; nachopong          ;
; Family name                                                      ; Cyclone IV E       ; Cyclone V          ;
; Use smart compilation                                            ; Off                ; Off                ;
; Enable parallel Assembler and Timing Analyzer during compilation ; On                 ; On                 ;
; Enable compact report table                                      ; Off                ; Off                ;
; Restructure Multiplexers                                         ; Auto               ; Auto               ;
; Create Debugging Nodes for IP Cores                              ; Off                ; Off                ;
; Preserve fewer node names                                        ; On                 ; On                 ;
; Intel FPGA IP Evaluation Mode                                    ; Enable             ; Enable             ;
; Verilog Version                                                  ; Verilog_2001       ; Verilog_2001       ;
; VHDL Version                                                     ; VHDL_1993          ; VHDL_1993          ;
; State Machine Processing                                         ; Auto               ; Auto               ;
; Safe State Machine                                               ; Off                ; Off                ;
; Extract Verilog State Machines                                   ; On                 ; On                 ;
; Extract VHDL State Machines                                      ; On                 ; On                 ;
; Ignore Verilog initial constructs                                ; Off                ; Off                ;
; Iteration limit for constant Verilog loops                       ; 5000               ; 5000               ;
; Iteration limit for non-constant Verilog loops                   ; 250                ; 250                ;
; Add Pass-Through Logic to Inferred RAMs                          ; On                 ; On                 ;
; Infer RAMs from Raw Logic                                        ; On                 ; On                 ;
; Parallel Synthesis                                               ; On                 ; On                 ;
; DSP Block Balancing                                              ; Auto               ; Auto               ;
; NOT Gate Push-Back                                               ; On                 ; On                 ;
; Power-Up Don't Care                                              ; On                 ; On                 ;
; Remove Redundant Logic Cells                                     ; Off                ; Off                ;
; Remove Duplicate Registers                                       ; On                 ; On                 ;
; Ignore CARRY Buffers                                             ; Off                ; Off                ;
; Ignore CASCADE Buffers                                           ; Off                ; Off                ;
; Ignore GLOBAL Buffers                                            ; Off                ; Off                ;
; Ignore ROW GLOBAL Buffers                                        ; Off                ; Off                ;
; Ignore LCELL Buffers                                             ; Off                ; Off                ;
; Ignore SOFT Buffers                                              ; On                 ; On                 ;
; Limit AHDL Integers to 32 Bits                                   ; Off                ; Off                ;
; Optimization Technique                                           ; Balanced           ; Balanced           ;
; Carry Chain Length                                               ; 70                 ; 70                 ;
; Auto Carry Chains                                                ; On                 ; On                 ;
; Auto Open-Drain Pins                                             ; On                 ; On                 ;
; Perform WYSIWYG Primitive Resynthesis                            ; Off                ; Off                ;
; Auto ROM Replacement                                             ; On                 ; On                 ;
; Auto RAM Replacement                                             ; On                 ; On                 ;
; Auto DSP Block Replacement                                       ; On                 ; On                 ;
; Auto Shift Register Replacement                                  ; Auto               ; Auto               ;
; Allow Shift Register Merging across Hierarchies                  ; Auto               ; Auto               ;
; Auto Clock Enable Replacement                                    ; On                 ; On                 ;
; Strict RAM Replacement                                           ; Off                ; Off                ;
; Allow Synchronous Control Signals                                ; On                 ; On                 ;
; Force Use of Synchronous Clear Signals                           ; Off                ; Off                ;
; Auto RAM Block Balancing                                         ; On                 ; On                 ;
; Auto RAM to Logic Cell Conversion                                ; Off                ; Off                ;
; Auto Resource Sharing                                            ; Off                ; Off                ;
; Allow Any RAM Size For Recognition                               ; Off                ; Off                ;
; Allow Any ROM Size For Recognition                               ; Off                ; Off                ;
; Allow Any Shift Register Size For Recognition                    ; Off                ; Off                ;
; Use LogicLock Constraints during Resource Balancing              ; On                 ; On                 ;
; Ignore translate_off and synthesis_off directives                ; Off                ; Off                ;
; Timing-Driven Synthesis                                          ; On                 ; On                 ;
; Report Parameter Settings                                        ; On                 ; On                 ;
; Report Source Assignments                                        ; On                 ; On                 ;
; Report Connectivity Checks                                       ; On                 ; On                 ;
; Ignore Maximum Fan-Out Assignments                               ; Off                ; Off                ;
; Synchronization Register Chain Length                            ; 2                  ; 2                  ;
; Power Optimization During Synthesis                              ; Normal compilation ; Normal compilation ;
; HDL message level                                                ; Level2             ; Level2             ;
; Suppress Register Optimization Related Messages                  ; Off                ; Off                ;
; Number of Removed Registers Reported in Synthesis Report         ; 5000               ; 5000               ;
; Number of Swept Nodes Reported in Synthesis Report               ; 5000               ; 5000               ;
; Number of Inverted Registers Reported in Synthesis Report        ; 100                ; 100                ;
; Clock MUX Protection                                             ; On                 ; On                 ;
; Auto Gated Clock Conversion                                      ; Off                ; Off                ;
; Block Design Naming                                              ; Auto               ; Auto               ;
; SDC constraint protection                                        ; Off                ; Off                ;
; Synthesis Effort                                                 ; Auto               ; Auto               ;
; Shift Register Replacement - Allow Asynchronous Clear Signal     ; On                 ; On                 ;
; Pre-Mapping Resynthesis Optimization                             ; Off                ; Off                ;
; Analysis & Synthesis Message Level                               ; Medium             ; Medium             ;
; Disable Register Merging Across Hierarchies                      ; Auto               ; Auto               ;
; Resource Aware Inference For Block RAM                           ; On                 ; On                 ;
+------------------------------------------------------------------+--------------------+--------------------+


+------------------------------------------+
; Parallel Compilation                     ;
+----------------------------+-------------+
; Processors                 ; Number      ;
+----------------------------+-------------+
; Number detected on machine ; 2           ;
; Maximum allowed            ; 2           ;
;                            ;             ;
; Average used               ; 1.00        ;
; Maximum used               ; 2           ;
;                            ;             ;
; Usage by Processor         ; % Time Used ;
;     Processor 1            ; 100.0%      ;
;     Processor 2            ;   0.0%      ;
+----------------------------+-------------+


+--------------------------------------------------------------------------------------------------------------------------------------------------------------------------------------------------------------------------------------------------------------------+
; Analysis & Synthesis Source Files Read                                                                                                                                                                                                                             ;
+--------------------------------------------------+-----------------+-------------------------------------------------------+-----------------------------------------------------------------------------------------------------------------------------+---------+
; File Name with User-Entered Path                 ; Used in Netlist ; File Type                                             ; File Name with Absolute Path                                                                                                ; Library ;
+--------------------------------------------------+-----------------+-------------------------------------------------------+-----------------------------------------------------------------------------------------------------------------------------+---------+
; VGA_driver.v                                     ; yes             ; User Verilog HDL File                                 ; C:/Users/HP/Documents/GitHub/lab06-2022-1-grupo09-22-1-jopaju/hdl/proyecto/VGA_driver.v                                     ;         ;
; test_VGA.v                                       ; yes             ; User Verilog HDL File                                 ; C:/Users/HP/Documents/GitHub/lab06-2022-1-grupo09-22-1-jopaju/hdl/proyecto/test_VGA.v                                       ;         ;
; buffer_ram_dp.v                                  ; yes             ; User Verilog HDL File                                 ; C:/Users/HP/Documents/GitHub/lab06-2022-1-grupo09-22-1-jopaju/hdl/proyecto/buffer_ram_dp.v                                  ;         ;
; altsyncram.tdf                                   ; yes             ; Megafunction                                          ; c:/intelfpga_lite/20.1/quartus/libraries/megafunctions/altsyncram.tdf                                                       ;         ;
; stratix_ram_block.inc                            ; yes             ; Megafunction                                          ; c:/intelfpga_lite/20.1/quartus/libraries/megafunctions/stratix_ram_block.inc                                                ;         ;
; lpm_mux.inc                                      ; yes             ; Megafunction                                          ; c:/intelfpga_lite/20.1/quartus/libraries/megafunctions/lpm_mux.inc                                                          ;         ;
; lpm_decode.inc                                   ; yes             ; Megafunction                                          ; c:/intelfpga_lite/20.1/quartus/libraries/megafunctions/lpm_decode.inc                                                       ;         ;
; aglobal201.inc                                   ; yes             ; Megafunction                                          ; c:/intelfpga_lite/20.1/quartus/libraries/megafunctions/aglobal201.inc                                                       ;         ;
; a_rdenreg.inc                                    ; yes             ; Megafunction                                          ; c:/intelfpga_lite/20.1/quartus/libraries/megafunctions/a_rdenreg.inc                                                        ;         ;
; altrom.inc                                       ; yes             ; Megafunction                                          ; c:/intelfpga_lite/20.1/quartus/libraries/megafunctions/altrom.inc                                                           ;         ;
; altram.inc                                       ; yes             ; Megafunction                                          ; c:/intelfpga_lite/20.1/quartus/libraries/megafunctions/altram.inc                                                           ;         ;
; altdpram.inc                                     ; yes             ; Megafunction                                          ; c:/intelfpga_lite/20.1/quartus/libraries/megafunctions/altdpram.inc                                                         ;         ;
; db/altsyncram_5s71.tdf                           ; yes             ; Auto-Generated Megafunction                           ; C:/Users/HP/Documents/GitHub/lab06-2022-1-grupo09-22-1-jopaju/hdl/proyecto/db/altsyncram_5s71.tdf                           ;         ;
; db/nachopong.ram0_buffer_ram_dp_ac3f28ca.hdl.mif ; yes             ; Auto-Generated Auto-Found Memory Initialization File  ; C:/Users/HP/Documents/GitHub/lab06-2022-1-grupo09-22-1-jopaju/hdl/proyecto/db/nachopong.ram0_buffer_ram_dp_ac3f28ca.hdl.mif ;         ;
+--------------------------------------------------+-----------------+-------------------------------------------------------+-----------------------------------------------------------------------------------------------------------------------------+---------+


+----------------------------------------------------------+
; Analysis & Synthesis Resource Usage Summary              ;
+---------------------------------------------+------------+
; Resource                                    ; Usage      ;
+---------------------------------------------+------------+
; Estimated Total logic elements              ; 546        ;
;                                             ;            ;
; Total combinational functions               ; 546        ;
; Logic element usage by number of LUT inputs ;            ;
;     -- 4 input functions                    ; 114        ;
;     -- 3 input functions                    ; 261        ;
;     -- <=2 input functions                  ; 171        ;
;                                             ;            ;
; Logic elements by mode                      ;            ;
;     -- normal mode                          ; 252        ;
;     -- arithmetic mode                      ; 294        ;
;                                             ;            ;
; Total registers                             ; 100        ;
;     -- Dedicated logic registers            ; 100        ;
;     -- I/O registers                        ; 0          ;
;                                             ;            ;
; I/O pins                                    ; 13         ;
; Total memory bits                           ; 12         ;
;                                             ;            ;
; Embedded Multiplier 9-bit elements          ; 0          ;
;                                             ;            ;
; Maximum fan-out node                        ; rst1~input ;
; Maximum fan-out                             ; 65         ;
; Total fan-out                               ; 1839       ;
; Average fan-out                             ; 2.72       ;
+---------------------------------------------+------------+


+----------------------------------------------------------------------------------------------------------------------------------------------------------------------------------------------------------------------------------------------------------------------------------------------+
; Analysis & Synthesis Resource Utilization by Entity                                                                                                                                                                                                                                          ;
+-------------------------------------------+---------------------+---------------------------+-------------+--------------+---------+-----------+------+--------------+------------------------------------------------------------------------------------+-------------------+--------------+
; Compilation Hierarchy Node                ; Combinational ALUTs ; Dedicated Logic Registers ; Memory Bits ; DSP Elements ; DSP 9x9 ; DSP 18x18 ; Pins ; Virtual Pins ; Full Hierarchy Name                                                                ; Entity Name       ; Library Name ;
+-------------------------------------------+---------------------+---------------------------+-------------+--------------+---------+-----------+------+--------------+------------------------------------------------------------------------------------+-------------------+--------------+
; |test_VGA                                 ; 546 (517)           ; 100 (81)                  ; 12          ; 0            ; 0       ; 0         ; 13   ; 0            ; |test_VGA                                                                          ; test_VGA          ; work         ;
;    |VGA_Driver640x480:VGA640x480|         ; 29 (29)             ; 19 (19)                   ; 0           ; 0            ; 0       ; 0         ; 0    ; 0            ; |test_VGA|VGA_Driver640x480:VGA640x480                                             ; VGA_Driver640x480 ; work         ;
;    |buffer_ram_dp:DP_RAM|                 ; 0 (0)               ; 0 (0)                     ; 12          ; 0            ; 0       ; 0         ; 0    ; 0            ; |test_VGA|buffer_ram_dp:DP_RAM                                                     ; buffer_ram_dp     ; work         ;
;       |altsyncram:ram_rtl_0|              ; 0 (0)               ; 0 (0)                     ; 12          ; 0            ; 0       ; 0         ; 0    ; 0            ; |test_VGA|buffer_ram_dp:DP_RAM|altsyncram:ram_rtl_0                                ; altsyncram        ; work         ;
;          |altsyncram_5s71:auto_generated| ; 0 (0)               ; 0 (0)                     ; 12          ; 0            ; 0       ; 0         ; 0    ; 0            ; |test_VGA|buffer_ram_dp:DP_RAM|altsyncram:ram_rtl_0|altsyncram_5s71:auto_generated ; altsyncram_5s71   ; work         ;
+-------------------------------------------+---------------------+---------------------------+-------------+--------------+---------+-----------+------+--------------+------------------------------------------------------------------------------------+-------------------+--------------+
Note: For table entries with two numbers listed, the numbers in parentheses indicate the number of resources of the given type used by the specific entity alone. The numbers listed outside of parentheses indicate the total resources of the given type used by the specific entity and all of its sub-entities in the hierarchy.


+-------------------------------------------------------------------------------------------------------------------------------------------------------------------------------------------------------------------------+
; Analysis & Synthesis RAM Summary                                                                                                                                                                                        ;
+-------------------------------------------------------------------------------------+------+------+--------------+--------------+--------------+--------------+------+--------------------------------------------------+
; Name                                                                                ; Type ; Mode ; Port A Depth ; Port A Width ; Port B Depth ; Port B Width ; Size ; MIF                                              ;
+-------------------------------------------------------------------------------------+------+------+--------------+--------------+--------------+--------------+------+--------------------------------------------------+
; buffer_ram_dp:DP_RAM|altsyncram:ram_rtl_0|altsyncram_5s71:auto_generated|ALTSYNCRAM ; AUTO ; ROM  ; 256          ; 12           ; --           ; --           ; 3072 ; db/nachopong.ram0_buffer_ram_dp_ac3f28ca.hdl.mif ;
+-------------------------------------------------------------------------------------+------+------+--------------+--------------+--------------+--------------+------+--------------------------------------------------+


+---------------------------------------------------------------------------------+
; Registers Removed During Synthesis                                              ;
+----------------------------------------+----------------------------------------+
; Register name                          ; Reason for Removal                     ;
+----------------------------------------+----------------------------------------+
; cont[9]                                ; Stuck at GND due to stuck port data_in ;
; cont2[9]                               ; Stuck at GND due to stuck port data_in ;
; cfreq[17..30]                          ; Lost fanout                            ;
; Total Number of Removed Registers = 16 ;                                        ;
+----------------------------------------+----------------------------------------+


+------------------------------------------------------+
; General Register Statistics                          ;
+----------------------------------------------+-------+
; Statistic                                    ; Value ;
+----------------------------------------------+-------+
; Total registers                              ; 100   ;
; Number of registers using Synchronous Clear  ; 17    ;
; Number of registers using Synchronous Load   ; 19    ;
; Number of registers using Asynchronous Clear ; 0     ;
; Number of registers using Asynchronous Load  ; 0     ;
; Number of registers using Clock Enable       ; 9     ;
; Number of registers using Preset             ; 0     ;
+----------------------------------------------+-------+


+---------------------------------------------------+
; Inverted Register Statistics                      ;
+-----------------------------------------+---------+
; Inverted Register                       ; Fan out ;
+-----------------------------------------+---------+
; cont[8]                                 ; 4       ;
; cont[6]                                 ; 5       ;
; conty[7]                                ; 3       ;
; conty[6]                                ; 3       ;
; conty[5]                                ; 3       ;
; conty[4]                                ; 3       ;
; contx[8]                                ; 3       ;
; contx[6]                                ; 3       ;
; cont2[8]                                ; 4       ;
; cont2[6]                                ; 4       ;
; Total number of inverted registers = 10 ;         ;
+-----------------------------------------+---------+


+------------------------------------------------------------------------------+
; Registers Packed Into Inferred Megafunctions                                 ;
+--------------------------------------+--------------------------------+------+
; Register Name                        ; Megafunction                   ; Type ;
+--------------------------------------+--------------------------------+------+
; buffer_ram_dp:DP_RAM|data_out[0,4,8] ; buffer_ram_dp:DP_RAM|ram_rtl_0 ; RAM  ;
+--------------------------------------+--------------------------------+------+


+----------------------------------------------------------------------------------------------------------------------------------------------------------------+
; Multiplexer Restructuring Statistics (Restructuring Performed)                                                                                                 ;
+--------------------+-----------+---------------+----------------------+------------------------+------------+--------------------------------------------------+
; Multiplexer Inputs ; Bus Width ; Baseline Area ; Area if Restructured ; Saving if Restructured ; Registered ; Example Multiplexer Output                       ;
+--------------------+-----------+---------------+----------------------+------------------------+------------+--------------------------------------------------+
; 3:1                ; 14 bits   ; 28 LEs        ; 14 LEs               ; 14 LEs                 ; Yes        ; |test_VGA|delay[12]                              ;
; 3:1                ; 4 bits    ; 8 LEs         ; 8 LEs                ; 0 LEs                  ; Yes        ; |test_VGA|marcadorverde[1]                       ;
; 3:1                ; 9 bits    ; 18 LEs        ; 9 LEs                ; 9 LEs                  ; Yes        ; |test_VGA|VGA_Driver640x480:VGA640x480|countY[3] ;
; 3:1                ; 10 bits   ; 20 LEs        ; 20 LEs               ; 0 LEs                  ; Yes        ; |test_VGA|VGA_Driver640x480:VGA640x480|countX[9] ;
; 4:1                ; 4 bits    ; 8 LEs         ; 8 LEs                ; 0 LEs                  ; Yes        ; |test_VGA|marcadorrojo[1]                        ;
; 3:1                ; 20 bits   ; 40 LEs        ; 20 LEs               ; 20 LEs                 ; No         ; |test_VGA|contx                                  ;
; 3:1                ; 4 bits    ; 8 LEs         ; 4 LEs                ; 4 LEs                  ; No         ; |test_VGA|marcadorverde                          ;
+--------------------+-----------+---------------+----------------------+------------------------+------------+--------------------------------------------------+


+-------------------------------------------------------------------------------------------------+
; Source assignments for buffer_ram_dp:DP_RAM|altsyncram:ram_rtl_0|altsyncram_5s71:auto_generated ;
+---------------------------------+--------------------+------+-----------------------------------+
; Assignment                      ; Value              ; From ; To                                ;
+---------------------------------+--------------------+------+-----------------------------------+
; OPTIMIZE_POWER_DURING_SYNTHESIS ; NORMAL_COMPILATION ; -    ; -                                 ;
+---------------------------------+--------------------+------+-----------------------------------+


+--------------------------------------------------------------------------+
; Parameter Settings for User Entity Instance: Top-level Entity: |test_VGA ;
+----------------+-------+-------------------------------------------------+
; Parameter Name ; Value ; Type                                            ;
+----------------+-------+-------------------------------------------------+
; CAM_SCREEN_X   ; 150   ; Signed Integer                                  ;
; CAM_SCREEN_Y   ; 12    ; Signed Integer                                  ;
; BALL_X         ; 12    ; Signed Integer                                  ;
; BALL_Y         ; 12    ; Signed Integer                                  ;
+----------------+-------+-------------------------------------------------+
Note: In order to hide this table in the UI and the text report file, please set the "Show Parameter Settings in Synthesis Report" option in "Analysis and Synthesis Settings -> More Settings" to "Off".


+------------------------------------------------------------------------------------------------------------------------+
; Parameter Settings for User Entity Instance: buffer_ram_dp:DP_RAM                                                      ;
+----------------+--------------------------------------------------------------------------------------+----------------+
; Parameter Name ; Value                                                                                ; Type           ;
+----------------+--------------------------------------------------------------------------------------+----------------+
; AW             ; 8                                                                                    ; Signed Integer ;
; DW             ; 12                                                                                   ; Signed Integer ;
; imageFILE      ; C:/Users/HP/Documents/GitHub/lab06-2022-1-grupo09-22-1-jopaju/hdl/proyecto/image.men ; String         ;
+----------------+--------------------------------------------------------------------------------------+----------------+
Note: In order to hide this table in the UI and the text report file, please set the "Show Parameter Settings in Synthesis Report" option in "Analysis and Synthesis Settings -> More Settings" to "Off".


+--------------------------------------------------------------------------------------------------------+
; Parameter Settings for Inferred Entity Instance: buffer_ram_dp:DP_RAM|altsyncram:ram_rtl_0             ;
+------------------------------------+--------------------------------------------------+----------------+
; Parameter Name                     ; Value                                            ; Type           ;
+------------------------------------+--------------------------------------------------+----------------+
; BYTE_SIZE_BLOCK                    ; 8                                                ; Untyped        ;
; AUTO_CARRY_CHAINS                  ; ON                                               ; AUTO_CARRY     ;
; IGNORE_CARRY_BUFFERS               ; OFF                                              ; IGNORE_CARRY   ;
; AUTO_CASCADE_CHAINS                ; ON                                               ; AUTO_CASCADE   ;
; IGNORE_CASCADE_BUFFERS             ; OFF                                              ; IGNORE_CASCADE ;
; WIDTH_BYTEENA                      ; 1                                                ; Untyped        ;
; OPERATION_MODE                     ; ROM                                              ; Untyped        ;
; WIDTH_A                            ; 12                                               ; Untyped        ;
; WIDTHAD_A                          ; 8                                                ; Untyped        ;
; NUMWORDS_A                         ; 256                                              ; Untyped        ;
; OUTDATA_REG_A                      ; UNREGISTERED                                     ; Untyped        ;
; ADDRESS_ACLR_A                     ; NONE                                             ; Untyped        ;
; OUTDATA_ACLR_A                     ; NONE                                             ; Untyped        ;
; WRCONTROL_ACLR_A                   ; NONE                                             ; Untyped        ;
; INDATA_ACLR_A                      ; NONE                                             ; Untyped        ;
; BYTEENA_ACLR_A                     ; NONE                                             ; Untyped        ;
; WIDTH_B                            ; 1                                                ; Untyped        ;
; WIDTHAD_B                          ; 1                                                ; Untyped        ;
; NUMWORDS_B                         ; 1                                                ; Untyped        ;
; INDATA_REG_B                       ; CLOCK1                                           ; Untyped        ;
; WRCONTROL_WRADDRESS_REG_B          ; CLOCK1                                           ; Untyped        ;
; RDCONTROL_REG_B                    ; CLOCK1                                           ; Untyped        ;
; ADDRESS_REG_B                      ; CLOCK1                                           ; Untyped        ;
; OUTDATA_REG_B                      ; UNREGISTERED                                     ; Untyped        ;
; BYTEENA_REG_B                      ; CLOCK1                                           ; Untyped        ;
; INDATA_ACLR_B                      ; NONE                                             ; Untyped        ;
; WRCONTROL_ACLR_B                   ; NONE                                             ; Untyped        ;
; ADDRESS_ACLR_B                     ; NONE                                             ; Untyped        ;
; OUTDATA_ACLR_B                     ; NONE                                             ; Untyped        ;
; RDCONTROL_ACLR_B                   ; NONE                                             ; Untyped        ;
; BYTEENA_ACLR_B                     ; NONE                                             ; Untyped        ;
; WIDTH_BYTEENA_A                    ; 1                                                ; Untyped        ;
; WIDTH_BYTEENA_B                    ; 1                                                ; Untyped        ;
; RAM_BLOCK_TYPE                     ; AUTO                                             ; Untyped        ;
; BYTE_SIZE                          ; 8                                                ; Untyped        ;
; READ_DURING_WRITE_MODE_MIXED_PORTS ; DONT_CARE                                        ; Untyped        ;
; READ_DURING_WRITE_MODE_PORT_A      ; NEW_DATA_NO_NBE_READ                             ; Untyped        ;
; READ_DURING_WRITE_MODE_PORT_B      ; NEW_DATA_NO_NBE_READ                             ; Untyped        ;
; INIT_FILE                          ; db/nachopong.ram0_buffer_ram_dp_ac3f28ca.hdl.mif ; Untyped        ;
; INIT_FILE_LAYOUT                   ; PORT_A                                           ; Untyped        ;
; MAXIMUM_DEPTH                      ; 0                                                ; Untyped        ;
; CLOCK_ENABLE_INPUT_A               ; NORMAL                                           ; Untyped        ;
; CLOCK_ENABLE_INPUT_B               ; NORMAL                                           ; Untyped        ;
; CLOCK_ENABLE_OUTPUT_A              ; NORMAL                                           ; Untyped        ;
; CLOCK_ENABLE_OUTPUT_B              ; NORMAL                                           ; Untyped        ;
; CLOCK_ENABLE_CORE_A                ; USE_INPUT_CLKEN                                  ; Untyped        ;
; CLOCK_ENABLE_CORE_B                ; USE_INPUT_CLKEN                                  ; Untyped        ;
; ENABLE_ECC                         ; FALSE                                            ; Untyped        ;
; ECC_PIPELINE_STAGE_ENABLED         ; FALSE                                            ; Untyped        ;
; WIDTH_ECCSTATUS                    ; 3                                                ; Untyped        ;
; DEVICE_FAMILY                      ; Cyclone IV E                                     ; Untyped        ;
; CBXI_PARAMETER                     ; altsyncram_5s71                                  ; Untyped        ;
+------------------------------------+--------------------------------------------------+----------------+
Note: In order to hide this table in the UI and the text report file, please set the "Show Parameter Settings in Synthesis Report" option in "Analysis and Synthesis Settings -> More Settings" to "Off".


+---------------------------------------------------------------------------------------+
; altsyncram Parameter Settings by Entity Instance                                      ;
+-------------------------------------------+-------------------------------------------+
; Name                                      ; Value                                     ;
+-------------------------------------------+-------------------------------------------+
; Number of entity instances                ; 1                                         ;
; Entity Instance                           ; buffer_ram_dp:DP_RAM|altsyncram:ram_rtl_0 ;
;     -- OPERATION_MODE                     ; ROM                                       ;
;     -- WIDTH_A                            ; 12                                        ;
;     -- NUMWORDS_A                         ; 256                                       ;
;     -- OUTDATA_REG_A                      ; UNREGISTERED                              ;
;     -- WIDTH_B                            ; 1                                         ;
;     -- NUMWORDS_B                         ; 1                                         ;
;     -- ADDRESS_REG_B                      ; CLOCK1                                    ;
;     -- OUTDATA_REG_B                      ; UNREGISTERED                              ;
;     -- RAM_BLOCK_TYPE                     ; AUTO                                      ;
;     -- READ_DURING_WRITE_MODE_MIXED_PORTS ; DONT_CARE                                 ;
+-------------------------------------------+-------------------------------------------+


+---------------------------------------------------------------------------------------------------------------------------+
; Port Connectivity Checks: "VGA_Driver640x480:VGA640x480"                                                                  ;
+-----------------+--------+----------+-------------------------------------------------------------------------------------+
; Port            ; Type   ; Severity ; Details                                                                             ;
+-----------------+--------+----------+-------------------------------------------------------------------------------------+
; pixelOut[11..9] ; Output ; Info     ; Connected to dangling logic. Logic that only feeds a dangling port will be removed. ;
; pixelOut[7..5]  ; Output ; Info     ; Connected to dangling logic. Logic that only feeds a dangling port will be removed. ;
; pixelOut[3..1]  ; Output ; Info     ; Connected to dangling logic. Logic that only feeds a dangling port will be removed. ;
+-----------------+--------+----------+-------------------------------------------------------------------------------------+


+----------------------------------------------------------------------------------------------------------------------------------------------------------------------------------+
; Port Connectivity Checks: "buffer_ram_dp:DP_RAM"                                                                                                                                 ;
+----------------+-------+----------+----------------------------------------------------------------------------------------------------------------------------------------------+
; Port           ; Type  ; Severity ; Details                                                                                                                                      ;
+----------------+-------+----------+----------------------------------------------------------------------------------------------------------------------------------------------+
; addr_out[7..2] ; Input ; Info     ; Stuck at GND                                                                                                                                 ;
; reset          ; Input ; Warning  ; Declared by entity but not connected by instance. If a default value exists, it will be used.  Otherwise, the port will be connected to GND. ;
+----------------+-------+----------+----------------------------------------------------------------------------------------------------------------------------------------------+


+-----------------------------------------------------+
; Post-Synthesis Netlist Statistics for Top Partition ;
+-----------------------+-----------------------------+
; Type                  ; Count                       ;
+-----------------------+-----------------------------+
; boundary_port         ; 13                          ;
; cycloneiii_ff         ; 100                         ;
;     ENA SLD           ; 9                           ;
;     SCLR              ; 17                          ;
;     SLD               ; 10                          ;
;     plain             ; 64                          ;
; cycloneiii_lcell_comb ; 546                         ;
;     arith             ; 294                         ;
;         2 data inputs ; 97                          ;
;         3 data inputs ; 197                         ;
;     normal            ; 252                         ;
;         0 data inputs ; 9                           ;
;         1 data inputs ; 14                          ;
;         2 data inputs ; 51                          ;
;         3 data inputs ; 64                          ;
;         4 data inputs ; 114                         ;
; cycloneiii_ram_block  ; 3                           ;
;                       ;                             ;
; Max LUT depth         ; 19.50                       ;
; Average LUT depth     ; 10.62                       ;
+-----------------------+-----------------------------+


+-------------------------------+
; Elapsed Time Per Partition    ;
+----------------+--------------+
; Partition Name ; Elapsed Time ;
+----------------+--------------+
; Top            ; 00:00:02     ;
+----------------+--------------+


+-------------------------------+
; Analysis & Synthesis Messages ;
+-------------------------------+
Info: *******************************************************************
Info: Running Quartus Prime Analysis & Synthesis
    Info: Version 20.1.1 Build 720 11/11/2020 SJ Lite Edition
    Info: Processing started: Fri Jul 01 07:28:04 2022
Info: Command: quartus_map --read_settings_files=on --write_settings_files=off nachopong -c nachopong
Warning (18236): Number of processors has not been specified which may cause overloading on shared machines.  Set the global assignment NUM_PARALLEL_PROCESSORS in your QSF to an appropriate value for best performance.
Info (20030): Parallel compilation is enabled and will use 2 of the 2 processors detected
Info (12021): Found 1 design units, including 1 entities, in source file vga_driver.v
    Info (12023): Found entity 1: VGA_Driver640x480 File: C:/Users/HP/Documents/GitHub/lab06-2022-1-grupo09-22-1-jopaju/hdl/proyecto/VGA_driver.v Line: 18
Info (12021): Found 1 design units, including 1 entities, in source file test_vga.v
    Info (12023): Found entity 1: test_VGA File: C:/Users/HP/Documents/GitHub/lab06-2022-1-grupo09-22-1-jopaju/hdl/proyecto/test_VGA.v Line: 21
Info (12021): Found 1 design units, including 1 entities, in source file buffer_ram_dp.v
    Info (12023): Found entity 1: buffer_ram_dp File: C:/Users/HP/Documents/GitHub/lab06-2022-1-grupo09-22-1-jopaju/hdl/proyecto/buffer_ram_dp.v Line: 19
Info (12127): Elaborating entity "test_VGA" for the top level hierarchy
Warning (10036): Verilog HDL or VHDL warning at test_VGA.v(111): object "score_rojo" assigned a value but never read File: C:/Users/HP/Documents/GitHub/lab06-2022-1-grupo09-22-1-jopaju/hdl/proyecto/test_VGA.v Line: 111
Warning (10036): Verilog HDL or VHDL warning at test_VGA.v(114): object "score_verde" assigned a value but never read File: C:/Users/HP/Documents/GitHub/lab06-2022-1-grupo09-22-1-jopaju/hdl/proyecto/test_VGA.v Line: 114
Warning (10036): Verilog HDL or VHDL warning at test_VGA.v(127): object "clk12M" assigned a value but never read File: C:/Users/HP/Documents/GitHub/lab06-2022-1-grupo09-22-1-jopaju/hdl/proyecto/test_VGA.v Line: 127
Warning (10230): Verilog HDL assignment warning at test_VGA.v(76): truncated value with size 32 to match size of target (31) File: C:/Users/HP/Documents/GitHub/lab06-2022-1-grupo09-22-1-jopaju/hdl/proyecto/test_VGA.v Line: 76
Warning (10235): Verilog HDL Always Construct warning at test_VGA.v(231): variable "cont" is read inside the Always Construct but isn't in the Always Construct's Event Control File: C:/Users/HP/Documents/GitHub/lab06-2022-1-grupo09-22-1-jopaju/hdl/proyecto/test_VGA.v Line: 231
Warning (10235): Verilog HDL Always Construct warning at test_VGA.v(236): variable "cont2" is read inside the Always Construct but isn't in the Always Construct's Event Control File: C:/Users/HP/Documents/GitHub/lab06-2022-1-grupo09-22-1-jopaju/hdl/proyecto/test_VGA.v Line: 236
Warning (10235): Verilog HDL Always Construct warning at test_VGA.v(239): variable "contx" is read inside the Always Construct but isn't in the Always Construct's Event Control File: C:/Users/HP/Documents/GitHub/lab06-2022-1-grupo09-22-1-jopaju/hdl/proyecto/test_VGA.v Line: 239
Warning (10235): Verilog HDL Always Construct warning at test_VGA.v(239): variable "conty" is read inside the Always Construct but isn't in the Always Construct's Event Control File: C:/Users/HP/Documents/GitHub/lab06-2022-1-grupo09-22-1-jopaju/hdl/proyecto/test_VGA.v Line: 239
Warning (10235): Verilog HDL Always Construct warning at test_VGA.v(241): variable "marcadorverde" is read inside the Always Construct but isn't in the Always Construct's Event Control File: C:/Users/HP/Documents/GitHub/lab06-2022-1-grupo09-22-1-jopaju/hdl/proyecto/test_VGA.v Line: 241
Warning (10235): Verilog HDL Always Construct warning at test_VGA.v(243): variable "marcadorrojo" is read inside the Always Construct but isn't in the Always Construct's Event Control File: C:/Users/HP/Documents/GitHub/lab06-2022-1-grupo09-22-1-jopaju/hdl/proyecto/test_VGA.v Line: 243
Warning (10230): Verilog HDL assignment warning at test_VGA.v(265): truncated value with size 32 to match size of target (10) File: C:/Users/HP/Documents/GitHub/lab06-2022-1-grupo09-22-1-jopaju/hdl/proyecto/test_VGA.v Line: 265
Warning (10230): Verilog HDL assignment warning at test_VGA.v(267): truncated value with size 32 to match size of target (10) File: C:/Users/HP/Documents/GitHub/lab06-2022-1-grupo09-22-1-jopaju/hdl/proyecto/test_VGA.v Line: 267
Warning (10230): Verilog HDL assignment warning at test_VGA.v(270): truncated value with size 32 to match size of target (10) File: C:/Users/HP/Documents/GitHub/lab06-2022-1-grupo09-22-1-jopaju/hdl/proyecto/test_VGA.v Line: 270
Warning (10230): Verilog HDL assignment warning at test_VGA.v(272): truncated value with size 32 to match size of target (10) File: C:/Users/HP/Documents/GitHub/lab06-2022-1-grupo09-22-1-jopaju/hdl/proyecto/test_VGA.v Line: 272
Warning (10230): Verilog HDL assignment warning at test_VGA.v(278): truncated value with size 32 to match size of target (14) File: C:/Users/HP/Documents/GitHub/lab06-2022-1-grupo09-22-1-jopaju/hdl/proyecto/test_VGA.v Line: 278
Warning (10230): Verilog HDL assignment warning at test_VGA.v(286): truncated value with size 32 to match size of target (10) File: C:/Users/HP/Documents/GitHub/lab06-2022-1-grupo09-22-1-jopaju/hdl/proyecto/test_VGA.v Line: 286
Warning (10230): Verilog HDL assignment warning at test_VGA.v(287): truncated value with size 32 to match size of target (10) File: C:/Users/HP/Documents/GitHub/lab06-2022-1-grupo09-22-1-jopaju/hdl/proyecto/test_VGA.v Line: 287
Warning (10230): Verilog HDL assignment warning at test_VGA.v(306): truncated value with size 32 to match size of target (4) File: C:/Users/HP/Documents/GitHub/lab06-2022-1-grupo09-22-1-jopaju/hdl/proyecto/test_VGA.v Line: 306
Warning (10230): Verilog HDL assignment warning at test_VGA.v(330): truncated value with size 32 to match size of target (4) File: C:/Users/HP/Documents/GitHub/lab06-2022-1-grupo09-22-1-jopaju/hdl/proyecto/test_VGA.v Line: 330
Info (12128): Elaborating entity "buffer_ram_dp" for hierarchy "buffer_ram_dp:DP_RAM" File: C:/Users/HP/Documents/GitHub/lab06-2022-1-grupo09-22-1-jopaju/hdl/proyecto/test_VGA.v Line: 201
Warning (10850): Verilog HDL warning at buffer_ram_dp.v(54): number of words (3) in memory file does not match the number of elements in the address range [0:255] File: C:/Users/HP/Documents/GitHub/lab06-2022-1-grupo09-22-1-jopaju/hdl/proyecto/buffer_ram_dp.v Line: 54
Info (12128): Elaborating entity "VGA_Driver640x480" for hierarchy "VGA_Driver640x480:VGA640x480" File: C:/Users/HP/Documents/GitHub/lab06-2022-1-grupo09-22-1-jopaju/hdl/proyecto/test_VGA.v Line: 219
Warning (10230): Verilog HDL assignment warning at VGA_driver.v(57): truncated value with size 32 to match size of target (10) File: C:/Users/HP/Documents/GitHub/lab06-2022-1-grupo09-22-1-jopaju/hdl/proyecto/VGA_driver.v Line: 57
Warning (10230): Verilog HDL assignment warning at VGA_driver.v(58): truncated value with size 32 to match size of target (9) File: C:/Users/HP/Documents/GitHub/lab06-2022-1-grupo09-22-1-jopaju/hdl/proyecto/VGA_driver.v Line: 58
Warning (10230): Verilog HDL assignment warning at VGA_driver.v(67): truncated value with size 32 to match size of target (9) File: C:/Users/HP/Documents/GitHub/lab06-2022-1-grupo09-22-1-jopaju/hdl/proyecto/VGA_driver.v Line: 67
Warning (10230): Verilog HDL assignment warning at VGA_driver.v(71): truncated value with size 32 to match size of target (10) File: C:/Users/HP/Documents/GitHub/lab06-2022-1-grupo09-22-1-jopaju/hdl/proyecto/VGA_driver.v Line: 71
Info (19000): Inferred 1 megafunctions from design logic
    Info (276029): Inferred altsyncram megafunction from the following design logic: "buffer_ram_dp:DP_RAM|ram_rtl_0" 
        Info (286033): Parameter OPERATION_MODE set to ROM
        Info (286033): Parameter WIDTH_A set to 12
        Info (286033): Parameter WIDTHAD_A set to 8
        Info (286033): Parameter NUMWORDS_A set to 256
        Info (286033): Parameter OUTDATA_REG_A set to UNREGISTERED
        Info (286033): Parameter ADDRESS_ACLR_A set to NONE
        Info (286033): Parameter OUTDATA_ACLR_A set to NONE
        Info (286033): Parameter INDATA_ACLR_A set to NONE
        Info (286033): Parameter WRCONTROL_ACLR_A set to NONE
        Info (286033): Parameter INIT_FILE set to db/nachopong.ram0_buffer_ram_dp_ac3f28ca.hdl.mif
Info (12130): Elaborated megafunction instantiation "buffer_ram_dp:DP_RAM|altsyncram:ram_rtl_0"
Info (12133): Instantiated megafunction "buffer_ram_dp:DP_RAM|altsyncram:ram_rtl_0" with the following parameter:
    Info (12134): Parameter "OPERATION_MODE" = "ROM"
    Info (12134): Parameter "WIDTH_A" = "12"
    Info (12134): Parameter "WIDTHAD_A" = "8"
    Info (12134): Parameter "NUMWORDS_A" = "256"
    Info (12134): Parameter "OUTDATA_REG_A" = "UNREGISTERED"
    Info (12134): Parameter "ADDRESS_ACLR_A" = "NONE"
    Info (12134): Parameter "OUTDATA_ACLR_A" = "NONE"
    Info (12134): Parameter "INDATA_ACLR_A" = "NONE"
    Info (12134): Parameter "WRCONTROL_ACLR_A" = "NONE"
    Info (12134): Parameter "INIT_FILE" = "db/nachopong.ram0_buffer_ram_dp_ac3f28ca.hdl.mif"
Info (12021): Found 1 design units, including 1 entities, in source file db/altsyncram_5s71.tdf
    Info (12023): Found entity 1: altsyncram_5s71 File: C:/Users/HP/Documents/GitHub/lab06-2022-1-grupo09-22-1-jopaju/hdl/proyecto/db/altsyncram_5s71.tdf Line: 28
Warning (14284): Synthesized away the following node(s):
    Warning (14285): Synthesized away the following RAM node(s):
        Warning (14320): Synthesized away node "buffer_ram_dp:DP_RAM|altsyncram:ram_rtl_0|altsyncram_5s71:auto_generated|ram_block1a1" File: C:/Users/HP/Documents/GitHub/lab06-2022-1-grupo09-22-1-jopaju/hdl/proyecto/db/altsyncram_5s71.tdf Line: 56
        Warning (14320): Synthesized away node "buffer_ram_dp:DP_RAM|altsyncram:ram_rtl_0|altsyncram_5s71:auto_generated|ram_block1a2" File: C:/Users/HP/Documents/GitHub/lab06-2022-1-grupo09-22-1-jopaju/hdl/proyecto/db/altsyncram_5s71.tdf Line: 77
        Warning (14320): Synthesized away node "buffer_ram_dp:DP_RAM|altsyncram:ram_rtl_0|altsyncram_5s71:auto_generated|ram_block1a3" File: C:/Users/HP/Documents/GitHub/lab06-2022-1-grupo09-22-1-jopaju/hdl/proyecto/db/altsyncram_5s71.tdf Line: 98
        Warning (14320): Synthesized away node "buffer_ram_dp:DP_RAM|altsyncram:ram_rtl_0|altsyncram_5s71:auto_generated|ram_block1a5" File: C:/Users/HP/Documents/GitHub/lab06-2022-1-grupo09-22-1-jopaju/hdl/proyecto/db/altsyncram_5s71.tdf Line: 140
        Warning (14320): Synthesized away node "buffer_ram_dp:DP_RAM|altsyncram:ram_rtl_0|altsyncram_5s71:auto_generated|ram_block1a6" File: C:/Users/HP/Documents/GitHub/lab06-2022-1-grupo09-22-1-jopaju/hdl/proyecto/db/altsyncram_5s71.tdf Line: 161
        Warning (14320): Synthesized away node "buffer_ram_dp:DP_RAM|altsyncram:ram_rtl_0|altsyncram_5s71:auto_generated|ram_block1a7" File: C:/Users/HP/Documents/GitHub/lab06-2022-1-grupo09-22-1-jopaju/hdl/proyecto/db/altsyncram_5s71.tdf Line: 182
        Warning (14320): Synthesized away node "buffer_ram_dp:DP_RAM|altsyncram:ram_rtl_0|altsyncram_5s71:auto_generated|ram_block1a9" File: C:/Users/HP/Documents/GitHub/lab06-2022-1-grupo09-22-1-jopaju/hdl/proyecto/db/altsyncram_5s71.tdf Line: 224
        Warning (14320): Synthesized away node "buffer_ram_dp:DP_RAM|altsyncram:ram_rtl_0|altsyncram_5s71:auto_generated|ram_block1a10" File: C:/Users/HP/Documents/GitHub/lab06-2022-1-grupo09-22-1-jopaju/hdl/proyecto/db/altsyncram_5s71.tdf Line: 245
        Warning (14320): Synthesized away node "buffer_ram_dp:DP_RAM|altsyncram:ram_rtl_0|altsyncram_5s71:auto_generated|ram_block1a11" File: C:/Users/HP/Documents/GitHub/lab06-2022-1-grupo09-22-1-jopaju/hdl/proyecto/db/altsyncram_5s71.tdf Line: 266
Warning (12241): 1 hierarchies have connectivity warnings - see the Connectivity Checks report folder
Info (286030): Timing-Driven Synthesis is running
Info (17049): 14 registers lost all their fanouts during netlist optimizations.
Info (17036): Removed 6 MSB VCC or GND address nodes from RAM block "buffer_ram_dp:DP_RAM|altsyncram:ram_rtl_0|altsyncram_5s71:auto_generated|ALTSYNCRAM" File: C:/Users/HP/Documents/GitHub/lab06-2022-1-grupo09-22-1-jopaju/hdl/proyecto/db/altsyncram_5s71.tdf Line: 203
Info (16010): Generating hard_block partition "hard_block:auto_generated_inst"
    Info (16011): Adding 0 node(s), including 0 DDIO, 0 PLL, 0 transceiver and 0 LCELL
Info (21057): Implemented 576 device resources after synthesis - the final resource count might be different
    Info (21058): Implemented 7 input pins
    Info (21059): Implemented 6 output pins
    Info (21061): Implemented 560 logic cells
    Info (21064): Implemented 3 RAM segments
Info: Quartus Prime Analysis & Synthesis was successful. 0 errors, 37 warnings
    Info: Peak virtual memory: 4736 megabytes
    Info: Processing ended: Fri Jul 01 07:28:30 2022
    Info: Elapsed time: 00:00:26
    Info: Total CPU time (on all processors): 00:00:38


